Build started 11/2/2011 10:50:31 AM.
     1>Project "C:\Users\Amanreet\Desktop\tetris_tutorial_sdl\tetris_tutorial_sdl.vcxproj" on node 2 (build target(s)).
     1>InitializeBuildStatus:
         Creating "Release\tetris_tutorial_sdl.unsuccessfulbuild" because "AlwaysCreate" was specified.
       ClCompile:
         c:\Program Files (x86)\Microsoft Visual Studio 10.0\VC\bin\CL.exe /c /Zi /nologo /W3 /WX- /O2 /Oi /Oy- /GL /D WIN32 /D NDEBUG /D _WINDOWS /D _UNICODE /D UNICODE /Gm- /EHsc /MD /GS /Gy /fp:precise /Zc:wchar_t /Zc:forScope /Fo"Release\\" /Fd"Release\vc100.pdb" /Gd /TP /analyze- /errorReport:prompt Main.cpp
         Main.cpp
       Link:
         c:\Program Files (x86)\Microsoft Visual Studio 10.0\VC\bin\link.exe /ERRORREPORT:PROMPT /OUT:"C:\Users\Amanreet\Desktop\tetris_tutorial_sdl\Release\tetris_tutorial_sdl.exe" /INCREMENTAL:NO /NOLOGO kernel32.lib user32.lib gdi32.lib winspool.lib comdlg32.lib advapi32.lib shell32.lib ole32.lib oleaut32.lib uuid.lib odbc32.lib odbccp32.lib /MANIFEST /ManifestFile:"Release\tetris_tutorial_sdl.exe.intermediate.manifest" /MANIFESTUAC:"level='asInvoker' uiAccess='false'" /DEBUG /PDB:"C:\Users\Amanreet\Desktop\tetris_tutorial_sdl\Release\tetris_tutorial_sdl.pdb" /SUBSYSTEM:WINDOWS /OPT:REF /OPT:ICF /LTCG /TLBID:1 /DYNAMICBASE /NXCOMPAT /IMPLIB:"C:\Users\Amanreet\Desktop\tetris_tutorial_sdl\Release\tetris_tutorial_sdl.lib" /MACHINE:X86 Release\Board.obj
         Release\Game.obj
         Release\IO.obj
         Release\Main.obj
         Release\Pieces.obj
            Creating library C:\Users\Amanreet\Desktop\tetris_tutorial_sdl\Release\tetris_tutorial_sdl.lib and object C:\Users\Amanreet\Desktop\tetris_tutorial_sdl\Release\tetris_tutorial_sdl.exp
         Generating code
         Finished generating code
         tetris_tutorial_sdl.vcxproj -> C:\Users\Amanreet\Desktop\tetris_tutorial_sdl\Release\tetris_tutorial_sdl.exe
       Manifest:
         C:\Program Files (x86)\Microsoft SDKs\Windows\v7.0A\bin\mt.exe /nologo /verbose /outputresource:"C:\Users\Amanreet\Desktop\tetris_tutorial_sdl\Release\tetris_tutorial_sdl.exe;#1" /manifest Release\tetris_tutorial_sdl.exe.intermediate.manifest
       FinalizeBuildStatus:
         Deleting file "Release\tetris_tutorial_sdl.unsuccessfulbuild".
         Touching "Release\tetris_tutorial_sdl.lastbuildstate".
     1>Done Building Project "C:\Users\Amanreet\Desktop\tetris_tutorial_sdl\tetris_tutorial_sdl.vcxproj" (build target(s)).

Build succeeded.

Time Elapsed 00:00:06.34
